<?xml version="1.0" encoding="UTF-8"?>
<testng-results ignored="0" total="2" passed="2" failed="0" skipped="0">
  <reporter-output>
  </reporter-output>
  <suite started-at="2023-07-11T13:01:44 IST" name="Surefire suite" finished-at="2023-07-11T13:01:44 IST" duration-ms="73">
    <groups>
    </groups>
    <test started-at="2023-07-11T13:01:44 IST" name="Surefire test" finished-at="2023-07-11T13:01:44 IST" duration-ms="73">
      <class name="sampletestScripts.SamplePrg">
        <test-method signature="m1()[pri:0, instance:sampletestScripts.SamplePrg@78047b92]" started-at="2023-07-11T13:01:44 IST" name="m1" finished-at="2023-07-11T13:01:44 IST" duration-ms="10" status="PASS">
          <reporter-output>
          </reporter-output>
        </test-method> <!-- m1 -->
        <test-method signature="m2()[pri:0, instance:sampletestScripts.SamplePrg@78047b92]" started-at="2023-07-11T13:01:44 IST" name="m2" finished-at="2023-07-11T13:01:44 IST" duration-ms="2" status="PASS">
          <reporter-output>
          </reporter-output>
        </test-method> <!-- m2 -->
      </class> <!-- sampletestScripts.SamplePrg -->
    </test> <!-- Surefire test -->
  </suite> <!-- Surefire suite -->
</testng-results>
