<?xml version="1.0" encoding="UTF-8"?>
<testng-results ignored="0" total="2" passed="2" failed="0" skipped="0">
  <reporter-output>
  </reporter-output>
  <suite started-at="2023-07-11T12:11:11 IST" name="Default suite" finished-at="2023-07-11T12:11:12 IST" duration-ms="133">
    <groups>
    </groups>
    <test started-at="2023-07-11T12:11:11 IST" name="Default test" finished-at="2023-07-11T12:11:12 IST" duration-ms="133">
      <class name="sampletestScripts.SamplePrg">
        <test-method signature="m1()[pri:0, instance:sampletestScripts.SamplePrg@32ee6fee]" started-at="2023-07-11T12:11:12 IST" name="m1" finished-at="2023-07-11T12:11:12 IST" duration-ms="16" status="PASS">
          <reporter-output>
          </reporter-output>
        </test-method> <!-- m1 -->
        <test-method signature="m2()[pri:0, instance:sampletestScripts.SamplePrg@32ee6fee]" started-at="2023-07-11T12:11:12 IST" name="m2" finished-at="2023-07-11T12:11:12 IST" duration-ms="3" status="PASS">
          <reporter-output>
          </reporter-output>
        </test-method> <!-- m2 -->
      </class> <!-- sampletestScripts.SamplePrg -->
    </test> <!-- Default test -->
  </suite> <!-- Default suite -->
</testng-results>
